  title.cpp
c:\users\student\documents\visual studio 2015\projects\ポリゴン\main.h(13): fatal error C1083: include ファイルを開けません。'd3dx9.h':No such file or directory
  sound.cpp
c:\users\student\documents\visual studio 2015\projects\ポリゴン\main.h(13): fatal error C1083: include ファイルを開けません。'd3dx9.h':No such file or directory
  score.cpp
c:\users\student\documents\visual studio 2015\projects\ポリゴン\main.h(13): fatal error C1083: include ファイルを開けません。'd3dx9.h':No such file or directory
  scene2D.cpp
c:\users\student\documents\visual studio 2015\projects\ポリゴン\main.h(13): fatal error C1083: include ファイルを開けません。'd3dx9.h':No such file or directory
  scene.cpp
c:\users\student\documents\visual studio 2015\projects\ポリゴン\main.h(13): fatal error C1083: include ファイルを開けません。'd3dx9.h':No such file or directory
  result.cpp
c:\users\student\documents\visual studio 2015\projects\ポリゴン\main.h(13): fatal error C1083: include ファイルを開けません。'd3dx9.h':No such file or directory
  renderer.cpp
c:\users\student\documents\visual studio 2015\projects\ポリゴン\main.h(13): fatal error C1083: include ファイルを開けません。'd3dx9.h':No such file or directory
  ranking.cpp
c:\users\student\documents\visual studio 2015\projects\ポリゴン\main.h(13): fatal error C1083: include ファイルを開けません。'd3dx9.h':No such file or directory
  player.cpp
c:\users\student\documents\visual studio 2015\projects\ポリゴン\main.h(13): fatal error C1083: include ファイルを開けません。'd3dx9.h':No such file or directory
  number.cpp
c:\users\student\documents\visual studio 2015\projects\ポリゴン\main.h(13): fatal error C1083: include ファイルを開けません。'd3dx9.h':No such file or directory
  manager.cpp
c:\users\student\documents\visual studio 2015\projects\ポリゴン\main.h(13): fatal error C1083: include ファイルを開けません。'd3dx9.h':No such file or directory
  main.cpp
c:\users\student\documents\visual studio 2015\projects\ポリゴン\main.h(13): fatal error C1083: include ファイルを開けません。'd3dx9.h':No such file or directory
  input.cpp
c:\users\student\documents\visual studio 2015\projects\ポリゴン\main.h(13): fatal error C1083: include ファイルを開けません。'd3dx9.h':No such file or directory
  game.cpp
c:\users\student\documents\visual studio 2015\projects\ポリゴン\main.h(13): fatal error C1083: include ファイルを開けません。'd3dx9.h':No such file or directory
  fade.cpp
c:\users\student\documents\visual studio 2015\projects\ポリゴン\main.h(13): fatal error C1083: include ファイルを開けません。'd3dx9.h':No such file or directory
  explosion.cpp
c:\users\student\documents\visual studio 2015\projects\ポリゴン\main.h(13): fatal error C1083: include ファイルを開けません。'd3dx9.h':No such file or directory
  enemy_homing.cpp
c:\users\student\documents\visual studio 2015\projects\ポリゴン\main.h(13): fatal error C1083: include ファイルを開けません。'd3dx9.h':No such file or directory
  enemy.cpp
c:\users\student\documents\visual studio 2015\projects\ポリゴン\main.h(13): fatal error C1083: include ファイルを開けません。'd3dx9.h':No such file or directory
  bullet_penetration.cpp
c:\users\student\documents\visual studio 2015\projects\ポリゴン\main.h(13): fatal error C1083: include ファイルを開けません。'd3dx9.h':No such file or directory
  bullet_homing.cpp
c:\users\student\documents\visual studio 2015\projects\ポリゴン\main.h(13): fatal error C1083: include ファイルを開けません。'd3dx9.h':No such file or directory
  コードを生成中...
  コンパイル中...
  bullet.cpp
c:\users\student\documents\visual studio 2015\projects\ポリゴン\main.h(13): fatal error C1083: include ファイルを開けません。'd3dx9.h':No such file or directory
  bg.cpp
  コードを生成中...
